<?xml version="1.0" encoding="UTF-8"?>
<coverage generated="1771248536297" clover="3.2.0">
  <project timestamp="1771248536297" name="All files">
    <metrics statements="152" coveredstatements="127" conditionals="58" coveredconditionals="51" methods="47" coveredmethods="30" elements="257" coveredelements="208" complexity="0" loc="152" ncloc="152" packages="3" files="6" classes="6"/>
    <package name="models">
      <metrics statements="58" coveredstatements="45" conditionals="20" coveredconditionals="18" methods="20" coveredmethods="12"/>
      <file name="Book.ts" path="/root/.openclaw/workspace/reader/models/Book.ts">
        <metrics statements="30" coveredstatements="30" conditionals="14" coveredconditionals="12" methods="6" coveredmethods="6"/>
        <line num="6" count="67" type="stmt"/>
        <line num="7" count="67" type="stmt"/>
        <line num="8" count="67" type="stmt"/>
        <line num="11" count="3" type="stmt"/>
        <line num="15" count="42" type="stmt"/>
        <line num="20" count="67" type="stmt"/>
        <line num="22" count="67" type="stmt"/>
        <line num="23" count="67" type="stmt"/>
        <line num="25" count="67" type="cond" truecount="2" falsecount="0"/>
        <line num="27" count="13" type="stmt"/>
        <line num="30" count="54" type="stmt"/>
        <line num="31" count="113" type="stmt"/>
        <line num="32" count="113" type="cond" truecount="1" falsecount="1"/>
        <line num="33" count="113" type="stmt"/>
        <line num="34" count="113" type="stmt"/>
        <line num="35" count="113" type="cond" truecount="1" falsecount="1"/>
        <line num="37" count="113" type="stmt"/>
        <line num="38" count="113" type="stmt"/>
        <line num="45" count="62" type="cond" truecount="2" falsecount="0"/>
        <line num="46" count="3" type="stmt"/>
        <line num="49" count="59" type="stmt"/>
        <line num="50" count="59" type="cond" truecount="2" falsecount="0"/>
        <line num="53" count="55" type="stmt"/>
        <line num="54" count="55" type="stmt"/>
        <line num="56" count="55" type="stmt"/>
        <line num="57" count="55" type="stmt"/>
        <line num="62" count="10" type="cond" truecount="2" falsecount="0"/>
        <line num="63" count="24" type="cond" truecount="2" falsecount="0"/>
        <line num="64" count="18" type="stmt"/>
        <line num="71" count="6" type="stmt"/>
      </file>
      <file name="BookChapter.ts" path="/root/.openclaw/workspace/reader/models/BookChapter.ts">
        <metrics statements="15" coveredstatements="15" conditionals="6" coveredconditionals="6" methods="6" coveredmethods="6"/>
        <line num="8" count="142" type="stmt"/>
        <line num="9" count="142" type="stmt"/>
        <line num="10" count="142" type="stmt"/>
        <line num="11" count="142" type="stmt"/>
        <line num="14" count="2" type="stmt"/>
        <line num="15" count="56" type="stmt"/>
        <line num="16" count="56" type="stmt"/>
        <line num="18" count="142" type="stmt"/>
        <line num="19" count="7" type="stmt"/>
        <line num="20" count="7" type="stmt"/>
        <line num="21" count="7" type="cond" truecount="4" falsecount="0"/>
        <line num="22" count="6" type="stmt"/>
        <line num="24" count="1" type="stmt"/>
        <line num="27" count="142" type="stmt"/>
        <line num="28" count="6" type="stmt"/>
      </file>
      <file name="Cursor.ts" path="/root/.openclaw/workspace/reader/models/Cursor.ts">
        <metrics statements="13" coveredstatements="0" conditionals="0" coveredconditionals="0" methods="8" coveredmethods="0"/>
        <line num="5" count="0" type="stmt"/>
        <line num="6" count="0" type="stmt"/>
        <line num="9" count="0" type="stmt"/>
        <line num="12" count="0" type="stmt"/>
        <line num="15" count="0" type="stmt"/>
        <line num="18" count="0" type="stmt"/>
        <line num="19" count="0" type="stmt"/>
        <line num="22" count="0" type="stmt"/>
        <line num="23" count="0" type="stmt"/>
        <line num="26" count="0" type="stmt"/>
        <line num="27" count="0" type="stmt"/>
        <line num="30" count="0" type="stmt"/>
        <line num="31" count="0" type="stmt"/>
      </file>
    </package>
    <package name="stores">
      <metrics statements="10" coveredstatements="5" conditionals="0" coveredconditionals="0" methods="17" coveredmethods="8"/>
      <file name="BookStore.ts" path="/root/.openclaw/workspace/reader/stores/BookStore.ts">
        <metrics statements="5" coveredstatements="5" conditionals="0" coveredconditionals="0" methods="8" coveredmethods="8"/>
        <line num="10" count="1" type="stmt"/>
        <line num="13" count="75" type="stmt"/>
        <line num="18" count="43" type="stmt"/>
        <line num="23" count="44" type="stmt"/>
        <line num="24" count="1111" type="stmt"/>
      </file>
      <file name="GlobConfigStore.ts" path="/root/.openclaw/workspace/reader/stores/GlobConfigStore.ts">
        <metrics statements="5" coveredstatements="0" conditionals="0" coveredconditionals="0" methods="9" coveredmethods="0"/>
        <line num="15" count="0" type="stmt"/>
        <line num="23" count="0" type="stmt"/>
        <line num="30" count="0" type="stmt"/>
        <line num="37" count="0" type="stmt"/>
        <line num="44" count="0" type="stmt"/>
      </file>
    </package>
    <package name="utils">
      <metrics statements="84" coveredstatements="77" conditionals="38" coveredconditionals="33" methods="10" coveredmethods="10"/>
      <file name="calculateBook.ts" path="/root/.openclaw/workspace/reader/utils/calculateBook.ts">
        <metrics statements="84" coveredstatements="77" conditionals="38" coveredconditionals="33" methods="10" coveredmethods="10"/>
        <line num="29" count="1" type="stmt"/>
        <line num="30" count="1" type="stmt"/>
        <line num="31" count="1" type="stmt"/>
        <line num="35" count="28" type="stmt"/>
        <line num="40" count="25" type="cond" truecount="1" falsecount="1"/>
        <line num="41" count="0" type="stmt"/>
        <line num="42" count="0" type="cond" truecount="0" falsecount="2"/>
        <line num="43" count="0" type="stmt"/>
        <line num="46" count="25" type="stmt"/>
        <line num="47" count="25" type="stmt"/>
        <line num="51" count="28" type="stmt"/>
        <line num="52" count="28" type="cond" truecount="2" falsecount="0"/>
        <line num="54" count="5" type="stmt"/>
        <line num="55" count="3" type="stmt"/>
        <line num="57" count="28" type="stmt"/>
        <line num="64" count="1" type="stmt"/>
        <line num="73" count="34" type="cond" truecount="4" falsecount="0"/>
        <line num="74" count="17" type="stmt"/>
        <line num="77" count="17" type="stmt"/>
        <line num="78" count="17" type="stmt"/>
        <line num="79" count="17" type="stmt"/>
        <line num="80" count="17" type="stmt"/>
        <line num="82" count="17" type="stmt"/>
        <line num="83" count="92" type="stmt"/>
        <line num="84" count="92" type="cond" truecount="2" falsecount="0"/>
        <line num="87" count="76" type="stmt"/>
        <line num="89" count="76" type="stmt"/>
        <line num="90" count="1573" type="stmt"/>
        <line num="91" count="1573" type="cond" truecount="3" falsecount="1"/>
        <line num="94" count="1573" type="stmt"/>
        <line num="100" count="1573" type="cond" truecount="2" falsecount="0"/>
        <line num="101" count="1446" type="stmt"/>
        <line num="103" count="127" type="stmt"/>
        <line num="104" count="127" type="stmt"/>
        <line num="108" count="1573" type="cond" truecount="2" falsecount="0"/>
        <line num="109" count="13" type="stmt"/>
        <line num="110" count="13" type="stmt"/>
        <line num="111" count="13" type="stmt"/>
        <line num="116" count="76" type="cond" truecount="4" falsecount="0"/>
        <line num="117" count="34" type="stmt"/>
        <line num="118" count="34" type="stmt"/>
        <line num="122" count="76" type="cond" truecount="1" falsecount="1"/>
        <line num="123" count="0" type="stmt"/>
        <line num="124" count="0" type="stmt"/>
        <line num="125" count="0" type="stmt"/>
        <line num="126" count="0" type="stmt"/>
        <line num="131" count="17" type="cond" truecount="2" falsecount="0"/>
        <line num="132" count="14" type="stmt"/>
        <line num="135" count="17" type="stmt"/>
        <line num="142" count="1" type="stmt"/>
        <line num="148" count="14" type="cond" truecount="2" falsecount="0"/>
        <line num="150" count="14" type="cond" truecount="2" falsecount="0"/>
        <line num="151" count="1" type="stmt"/>
        <line num="154" count="13" type="stmt"/>
        <line num="155" count="13" type="stmt"/>
        <line num="158" count="13" type="stmt"/>
        <line num="161" count="13" type="stmt"/>
        <line num="162" count="13" type="stmt"/>
        <line num="165" count="13" type="stmt"/>
        <line num="167" count="25" type="stmt"/>
        <line num="170" count="25" type="stmt"/>
        <line num="171" count="25" type="cond" truecount="2" falsecount="0"/>
        <line num="172" count="2" type="stmt"/>
        <line num="176" count="2" type="stmt"/>
        <line num="180" count="23" type="stmt"/>
        <line num="183" count="23" type="stmt"/>
        <line num="194" count="23" type="stmt"/>
        <line num="196" count="23" type="stmt"/>
        <line num="202" count="13" type="stmt"/>
        <line num="209" count="1" type="stmt"/>
        <line num="216" count="4" type="stmt"/>
        <line num="217" count="4" type="cond" truecount="2" falsecount="0"/>
        <line num="220" count="3" type="stmt"/>
        <line num="222" count="3" type="cond" truecount="2" falsecount="0"/>
        <line num="223" count="2" type="stmt"/>
        <line num="224" count="2" type="stmt"/>
        <line num="233" count="2" type="stmt"/>
        <line num="240" count="1" type="stmt"/>
        <line num="241" count="62" type="stmt"/>
        <line num="242" count="62" type="stmt"/>
        <line num="248" count="1" type="stmt"/>
        <line num="249" count="13" type="stmt"/>
        <line num="255" count="1" type="stmt"/>
        <line num="256" count="3" type="stmt"/>
      </file>
    </package>
  </project>
</coverage>
