{"/root/.openclaw/workspace/reader/models/Book.ts": {"path":"/root/.openclaw/workspace/reader/models/Book.ts","statementMap":{"0":{"start":{"line":6,"column":33},"end":{"line":6,"column":35}},"1":{"start":{"line":7,"column":12},"end":{"line":7,"column":13}},"2":{"start":{"line":8,"column":41},"end":{"line":8,"column":50}},"3":{"start":{"line":11,"column":4},"end":{"line":11,"column":30}},"4":{"start":{"line":15,"column":4},"end":{"line":15,"column":37}},"5":{"start":{"line":20,"column":20},"end":{"line":20,"column":31}},"6":{"start":{"line":22,"column":6},"end":{"line":22,"column":56}},"7":{"start":{"line":23,"column":18},"end":{"line":23,"column":40}},"8":{"start":{"line":25,"column":4},"end":{"line":40,"column":5}},"9":{"start":{"line":27,"column":6},"end":{"line":27,"column":73}},"10":{"start":{"line":30,"column":6},"end":{"line":39,"column":7}},"11":{"start":{"line":30,"column":23},"end":{"line":30,"column":24}},"12":{"start":{"line":31,"column":24},"end":{"line":31,"column":36}},"13":{"start":{"line":32,"column":8},"end":{"line":32,"column":31}},"14":{"start":{"line":32,"column":22},"end":{"line":32,"column":31}},"15":{"start":{"line":33,"column":19},"end":{"line":33,"column":57}},"16":{"start":{"line":34,"column":25},"end":{"line":34,"column":37}},"17":{"start":{"line":35,"column":23},"end":{"line":35,"column":54}},"18":{"start":{"line":37,"column":8},"end":{"line":37,"column":78}},"19":{"start":{"line":38,"column":8},"end":{"line":38,"column":26}},"20":{"start":{"line":45,"column":4},"end":{"line":47,"column":5}},"21":{"start":{"line":46,"column":6},"end":{"line":46,"column":51}},"22":{"start":{"line":49,"column":20},"end":{"line":49,"column":52}},"23":{"start":{"line":50,"column":4},"end":{"line":50,"column":28}},"24":{"start":{"line":50,"column":18},"end":{"line":50,"column":28}},"25":{"start":{"line":53,"column":20},"end":{"line":53,"column":68}},"26":{"start":{"line":54,"column":18},"end":{"line":54,"column":46}},"27":{"start":{"line":56,"column":4},"end":{"line":56,"column":48}},"28":{"start":{"line":57,"column":4},"end":{"line":57,"column":17}},"29":{"start":{"line":62,"column":4},"end":{"line":66,"column":5}},"30":{"start":{"line":62,"column":17},"end":{"line":62,"column":22}},"31":{"start":{"line":63,"column":6},"end":{"line":65,"column":7}},"32":{"start":{"line":64,"column":8},"end":{"line":64,"column":45}},"33":{"start":{"line":71,"column":4},"end":{"line":71,"column":31}}},"fnMap":{"0":{"name":"(anonymous_0)","decl":{"start":{"line":10,"column":2},"end":{"line":10,"column":3}},"loc":{"start":{"line":10,"column":35},"end":{"line":12,"column":3}},"line":10},"1":{"name":"(anonymous_1)","decl":{"start":{"line":14,"column":2},"end":{"line":14,"column":3}},"loc":{"start":{"line":14,"column":28},"end":{"line":16,"column":3}},"line":14},"2":{"name":"(anonymous_2)","decl":{"start":{"line":18,"column":2},"end":{"line":18,"column":3}},"loc":{"start":{"line":18,"column":28},"end":{"line":41,"column":3}},"line":18},"3":{"name":"(anonymous_3)","decl":{"start":{"line":44,"column":2},"end":{"line":44,"column":3}},"loc":{"start":{"line":44,"column":71},"end":{"line":58,"column":3}},"line":44},"4":{"name":"(anonymous_4)","decl":{"start":{"line":61,"column":2},"end":{"line":61,"column":3}},"loc":{"start":{"line":61,"column":70},"end":{"line":67,"column":3}},"line":61},"5":{"name":"(anonymous_5)","decl":{"start":{"line":70,"column":2},"end":{"line":70,"column":3}},"loc":{"start":{"line":70,"column":21},"end":{"line":72,"column":3}},"line":70}},"branchMap":{"0":{"loc":{"start":{"line":25,"column":4},"end":{"line":40,"column":5}},"type":"if","locations":[{"start":{"line":25,"column":4},"end":{"line":40,"column":5}},{"start":{"line":28,"column":11},"end":{"line":40,"column":5}}],"line":25},"1":{"loc":{"start":{"line":32,"column":8},"end":{"line":32,"column":31}},"type":"if","locations":[{"start":{"line":32,"column":8},"end":{"line":32,"column":31}},{"start":{},"end":{}}],"line":32},"2":{"loc":{"start":{"line":35,"column":23},"end":{"line":35,"column":54}},"type":"cond-expr","locations":[{"start":{"line":35,"column":35},"end":{"line":35,"column":49}},{"start":{"line":35,"column":52},"end":{"line":35,"column":54}}],"line":35},"3":{"loc":{"start":{"line":45,"column":4},"end":{"line":47,"column":5}},"type":"if","locations":[{"start":{"line":45,"column":4},"end":{"line":47,"column":5}},{"start":{},"end":{}}],"line":45},"4":{"loc":{"start":{"line":50,"column":4},"end":{"line":50,"column":28}},"type":"if","locations":[{"start":{"line":50,"column":4},"end":{"line":50,"column":28}},{"start":{},"end":{}}],"line":50},"5":{"loc":{"start":{"line":62,"column":24},"end":{"line":62,"column":65}},"type":"binary-expr","locations":[{"start":{"line":62,"column":24},"end":{"line":62,"column":32}},{"start":{"line":62,"column":36},"end":{"line":62,"column":65}}],"line":62},"6":{"loc":{"start":{"line":63,"column":6},"end":{"line":65,"column":7}},"type":"if","locations":[{"start":{"line":63,"column":6},"end":{"line":65,"column":7}},{"start":{},"end":{}}],"line":63}},"s":{"0":67,"1":67,"2":67,"3":3,"4":42,"5":67,"6":67,"7":67,"8":67,"9":13,"10":54,"11":54,"12":113,"13":113,"14":0,"15":113,"16":113,"17":113,"18":113,"19":113,"20":62,"21":3,"22":59,"23":59,"24":4,"25":55,"26":55,"27":55,"28":55,"29":10,"30":10,"31":24,"32":18,"33":6},"f":{"0":3,"1":42,"2":67,"3":62,"4":10,"5":6},"b":{"0":[13,54],"1":[0,113],"2":[0,113],"3":[3,59],"4":[4,55],"5":[34,25],"6":[18,6]},"_coverageSchema":"1a1c01bbd47fc00a2c39e90264f33305004495a9","hash":"a03d25f066b89171ab5b837df184acdbbc14f8c4"}
,"/root/.openclaw/workspace/reader/models/BookChapter.ts": {"path":"/root/.openclaw/workspace/reader/models/BookChapter.ts","statementMap":{"0":{"start":{"line":8,"column":4},"end":{"line":8,"column":28}},"1":{"start":{"line":9,"column":4},"end":{"line":9,"column":24}},"2":{"start":{"line":10,"column":4},"end":{"line":10,"column":30}},"3":{"start":{"line":11,"column":4},"end":{"line":11,"column":26}},"4":{"start":{"line":14,"column":24},"end":{"line":14,"column":43}},"5":{"start":{"line":15,"column":27},"end":{"line":15,"column":49}},"6":{"start":{"line":16,"column":25},"end":{"line":16,"column":45}},"7":{"start":{"line":18,"column":19},"end":{"line":25,"column":3}},"8":{"start":{"line":19,"column":18},"end":{"line":19,"column":43}},"9":{"start":{"line":20,"column":22},"end":{"line":20,"column":30}},"10":{"start":{"line":21,"column":4},"end":{"line":23,"column":5}},"11":{"start":{"line":22,"column":6},"end":{"line":22,"column":36}},"12":{"start":{"line":24,"column":4},"end":{"line":24,"column":21}},"13":{"start":{"line":27,"column":22},"end":{"line":29,"column":3}},"14":{"start":{"line":28,"column":4},"end":{"line":28,"column":46}}},"fnMap":{"0":{"name":"(anonymous_0)","decl":{"start":{"line":7,"column":2},"end":{"line":7,"column":3}},"loc":{"start":{"line":7,"column":88},"end":{"line":12,"column":3}},"line":7},"1":{"name":"(anonymous_1)","decl":{"start":{"line":14,"column":2},"end":{"line":14,"column":3}},"loc":{"start":{"line":14,"column":22},"end":{"line":14,"column":45}},"line":14},"2":{"name":"(anonymous_2)","decl":{"start":{"line":15,"column":2},"end":{"line":15,"column":3}},"loc":{"start":{"line":15,"column":25},"end":{"line":15,"column":51}},"line":15},"3":{"name":"(anonymous_3)","decl":{"start":{"line":16,"column":2},"end":{"line":16,"column":3}},"loc":{"start":{"line":16,"column":23},"end":{"line":16,"column":47}},"line":16},"4":{"name":"(anonymous_4)","decl":{"start":{"line":18,"column":19},"end":{"line":18,"column":20}},"loc":{"start":{"line":18,"column":33},"end":{"line":25,"column":3}},"line":18},"5":{"name":"(anonymous_5)","decl":{"start":{"line":27,"column":22},"end":{"line":27,"column":23}},"loc":{"start":{"line":27,"column":38},"end":{"line":29,"column":3}},"line":27}},"branchMap":{"0":{"loc":{"start":{"line":7,"column":46},"end":{"line":7,"column":66}},"type":"default-arg","locations":[{"start":{"line":7,"column":65},"end":{"line":7,"column":66}}],"line":7},"1":{"loc":{"start":{"line":7,"column":68},"end":{"line":7,"column":86}},"type":"default-arg","locations":[{"start":{"line":7,"column":85},"end":{"line":7,"column":86}}],"line":7},"2":{"loc":{"start":{"line":21,"column":4},"end":{"line":23,"column":5}},"type":"if","locations":[{"start":{"line":21,"column":4},"end":{"line":23,"column":5}},{"start":{},"end":{}}],"line":21},"3":{"loc":{"start":{"line":21,"column":8},"end":{"line":21,"column":45}},"type":"binary-expr","locations":[{"start":{"line":21,"column":8},"end":{"line":21,"column":18}},{"start":{"line":21,"column":22},"end":{"line":21,"column":45}}],"line":21}},"s":{"0":142,"1":142,"2":142,"3":142,"4":2,"5":56,"6":56,"7":142,"8":7,"9":7,"10":7,"11":6,"12":1,"13":142,"14":6},"f":{"0":142,"1":2,"2":56,"3":56,"4":7,"5":6},"b":{"0":[14],"1":[14],"2":[6,1],"3":[7,2]},"_coverageSchema":"1a1c01bbd47fc00a2c39e90264f33305004495a9","hash":"79da7ce02c5b0f63c43e23141c7b564a352783ba"}
,"/root/.openclaw/workspace/reader/models/Cursor.ts": {"path":"/root/.openclaw/workspace/reader/models/Cursor.ts","statementMap":{"0":{"start":{"line":5,"column":4},"end":{"line":5,"column":18}},"1":{"start":{"line":6,"column":4},"end":{"line":6,"column":20}},"2":{"start":{"line":9,"column":4},"end":{"line":9,"column":21}},"3":{"start":{"line":12,"column":4},"end":{"line":12,"column":23}},"4":{"start":{"line":15,"column":4},"end":{"line":15,"column":34}},"5":{"start":{"line":18,"column":4},"end":{"line":18,"column":20}},"6":{"start":{"line":19,"column":4},"end":{"line":19,"column":30}},"7":{"start":{"line":22,"column":4},"end":{"line":22,"column":20}},"8":{"start":{"line":23,"column":4},"end":{"line":23,"column":30}},"9":{"start":{"line":26,"column":4},"end":{"line":26,"column":18}},"10":{"start":{"line":27,"column":4},"end":{"line":27,"column":20}},"11":{"start":{"line":30,"column":4},"end":{"line":30,"column":18}},"12":{"start":{"line":31,"column":4},"end":{"line":31,"column":20}}},"fnMap":{"0":{"name":"(anonymous_0)","decl":{"start":{"line":4,"column":2},"end":{"line":4,"column":3}},"loc":{"start":{"line":4,"column":16},"end":{"line":7,"column":3}},"line":4},"1":{"name":"(anonymous_1)","decl":{"start":{"line":8,"column":2},"end":{"line":8,"column":3}},"loc":{"start":{"line":8,"column":12},"end":{"line":10,"column":3}},"line":8},"2":{"name":"(anonymous_2)","decl":{"start":{"line":11,"column":2},"end":{"line":11,"column":3}},"loc":{"start":{"line":11,"column":14},"end":{"line":13,"column":3}},"line":11},"3":{"name":"(anonymous_3)","decl":{"start":{"line":14,"column":2},"end":{"line":14,"column":3}},"loc":{"start":{"line":14,"column":13},"end":{"line":16,"column":3}},"line":14},"4":{"name":"(anonymous_4)","decl":{"start":{"line":17,"column":2},"end":{"line":17,"column":3}},"loc":{"start":{"line":17,"column":13},"end":{"line":20,"column":3}},"line":17},"5":{"name":"(anonymous_5)","decl":{"start":{"line":21,"column":2},"end":{"line":21,"column":3}},"loc":{"start":{"line":21,"column":18},"end":{"line":24,"column":3}},"line":21},"6":{"name":"(anonymous_6)","decl":{"start":{"line":25,"column":2},"end":{"line":25,"column":3}},"loc":{"start":{"line":25,"column":13},"end":{"line":28,"column":3}},"line":25},"7":{"name":"(anonymous_7)","decl":{"start":{"line":29,"column":2},"end":{"line":29,"column":3}},"loc":{"start":{"line":29,"column":17},"end":{"line":32,"column":3}},"line":29}},"branchMap":{},"s":{"0":0,"1":0,"2":0,"3":0,"4":0,"5":0,"6":0,"7":0,"8":0,"9":0,"10":0,"11":0,"12":0},"f":{"0":0,"1":0,"2":0,"3":0,"4":0,"5":0,"6":0,"7":0},"b":{}}
,"/root/.openclaw/workspace/reader/stores/BookStore.ts": {"path":"/root/.openclaw/workspace/reader/stores/BookStore.ts","statementMap":{"0":{"start":{"line":10,"column":21},"end":{"line":27,"column":3}},"1":{"start":{"line":10,"column":54},"end":{"line":27,"column":1}},"2":{"start":{"line":13,"column":4},"end":{"line":15,"column":8}},"3":{"start":{"line":13,"column":20},"end":{"line":15,"column":5}},"4":{"start":{"line":18,"column":4},"end":{"line":20,"column":8}},"5":{"start":{"line":18,"column":20},"end":{"line":20,"column":5}},"6":{"start":{"line":23,"column":4},"end":{"line":25,"column":8}},"7":{"start":{"line":23,"column":20},"end":{"line":25,"column":5}},"8":{"start":{"line":24,"column":42},"end":{"line":24,"column":70}}},"fnMap":{"0":{"name":"(anonymous_0)","decl":{"start":{"line":10,"column":44},"end":{"line":10,"column":45}},"loc":{"start":{"line":10,"column":54},"end":{"line":27,"column":1}},"line":10},"1":{"name":"(anonymous_1)","decl":{"start":{"line":12,"column":11},"end":{"line":12,"column":12}},"loc":{"start":{"line":12,"column":49},"end":{"line":16,"column":3}},"line":12},"2":{"name":"(anonymous_2)","decl":{"start":{"line":13,"column":8},"end":{"line":13,"column":9}},"loc":{"start":{"line":13,"column":20},"end":{"line":15,"column":5}},"line":13},"3":{"name":"(anonymous_3)","decl":{"start":{"line":17,"column":15},"end":{"line":17,"column":16}},"loc":{"start":{"line":17,"column":49},"end":{"line":21,"column":3}},"line":17},"4":{"name":"(anonymous_4)","decl":{"start":{"line":18,"column":8},"end":{"line":18,"column":9}},"loc":{"start":{"line":18,"column":20},"end":{"line":20,"column":5}},"line":18},"5":{"name":"(anonymous_5)","decl":{"start":{"line":22,"column":14},"end":{"line":22,"column":15}},"loc":{"start":{"line":22,"column":52},"end":{"line":26,"column":3}},"line":22},"6":{"name":"(anonymous_6)","decl":{"start":{"line":23,"column":8},"end":{"line":23,"column":9}},"loc":{"start":{"line":23,"column":20},"end":{"line":25,"column":5}},"line":23},"7":{"name":"(anonymous_7)","decl":{"start":{"line":24,"column":32},"end":{"line":24,"column":33}},"loc":{"start":{"line":24,"column":42},"end":{"line":24,"column":70}},"line":24}},"branchMap":{},"s":{"0":1,"1":1,"2":75,"3":75,"4":43,"5":43,"6":44,"7":44,"8":1111},"f":{"0":1,"1":75,"2":75,"3":43,"4":43,"5":44,"6":44,"7":1111},"b":{},"_coverageSchema":"1a1c01bbd47fc00a2c39e90264f33305004495a9","hash":"fb95b37933901e9e9ba0d348e6710158963e8a4c"}
,"/root/.openclaw/workspace/reader/stores/GlobConfigStore.ts": {"path":"/root/.openclaw/workspace/reader/stores/GlobConfigStore.ts","statementMap":{"0":{"start":{"line":15,"column":34},"end":{"line":50,"column":3}},"1":{"start":{"line":15,"column":68},"end":{"line":50,"column":1}},"2":{"start":{"line":23,"column":4},"end":{"line":28,"column":7}},"3":{"start":{"line":23,"column":20},"end":{"line":28,"column":5}},"4":{"start":{"line":30,"column":4},"end":{"line":35,"column":7}},"5":{"start":{"line":30,"column":20},"end":{"line":35,"column":5}},"6":{"start":{"line":37,"column":4},"end":{"line":42,"column":7}},"7":{"start":{"line":37,"column":20},"end":{"line":42,"column":5}},"8":{"start":{"line":44,"column":4},"end":{"line":49,"column":7}},"9":{"start":{"line":44,"column":20},"end":{"line":49,"column":5}}},"fnMap":{"0":{"name":"(anonymous_0)","decl":{"start":{"line":15,"column":58},"end":{"line":15,"column":59}},"loc":{"start":{"line":15,"column":68},"end":{"line":50,"column":1}},"line":15},"1":{"name":"(anonymous_1)","decl":{"start":{"line":22,"column":15},"end":{"line":22,"column":16}},"loc":{"start":{"line":23,"column":4},"end":{"line":28,"column":7}},"line":23},"2":{"name":"(anonymous_2)","decl":{"start":{"line":23,"column":8},"end":{"line":23,"column":9}},"loc":{"start":{"line":23,"column":20},"end":{"line":28,"column":5}},"line":23},"3":{"name":"(anonymous_3)","decl":{"start":{"line":29,"column":10},"end":{"line":29,"column":11}},"loc":{"start":{"line":30,"column":4},"end":{"line":35,"column":7}},"line":30},"4":{"name":"(anonymous_4)","decl":{"start":{"line":30,"column":8},"end":{"line":30,"column":9}},"loc":{"start":{"line":30,"column":20},"end":{"line":35,"column":5}},"line":30},"5":{"name":"(anonymous_5)","decl":{"start":{"line":36,"column":14},"end":{"line":36,"column":15}},"loc":{"start":{"line":37,"column":4},"end":{"line":42,"column":7}},"line":37},"6":{"name":"(anonymous_6)","decl":{"start":{"line":37,"column":8},"end":{"line":37,"column":9}},"loc":{"start":{"line":37,"column":20},"end":{"line":42,"column":5}},"line":37},"7":{"name":"(anonymous_7)","decl":{"start":{"line":43,"column":15},"end":{"line":43,"column":16}},"loc":{"start":{"line":44,"column":4},"end":{"line":49,"column":7}},"line":44},"8":{"name":"(anonymous_8)","decl":{"start":{"line":44,"column":8},"end":{"line":44,"column":9}},"loc":{"start":{"line":44,"column":20},"end":{"line":49,"column":5}},"line":44}},"branchMap":{},"s":{"0":0,"1":0,"2":0,"3":0,"4":0,"5":0,"6":0,"7":0,"8":0,"9":0},"f":{"0":0,"1":0,"2":0,"3":0,"4":0,"5":0,"6":0,"7":0,"8":0},"b":{}}
,"/root/.openclaw/workspace/reader/utils/calculateBook.ts": {"path":"/root/.openclaw/workspace/reader/utils/calculateBook.ts","statementMap":{"0":{"start":{"line":29,"column":18},"end":{"line":29,"column":50}},"1":{"start":{"line":30,"column":23},"end":{"line":30,"column":25}},"2":{"start":{"line":31,"column":33},"end":{"line":31,"column":35}},"3":{"start":{"line":35,"column":2},"end":{"line":35,"column":79}},"4":{"start":{"line":40,"column":2},"end":{"line":45,"column":3}},"5":{"start":{"line":41,"column":22},"end":{"line":41,"column":46}},"6":{"start":{"line":42,"column":4},"end":{"line":44,"column":5}},"7":{"start":{"line":43,"column":6},"end":{"line":43,"column":34}},"8":{"start":{"line":46,"column":2},"end":{"line":46,"column":28}},"9":{"start":{"line":47,"column":2},"end":{"line":47,"column":29}},"10":{"start":{"line":51,"column":16},"end":{"line":51,"column":34}},"11":{"start":{"line":52,"column":2},"end":{"line":56,"column":3}},"12":{"start":{"line":54,"column":4},"end":{"line":54,"column":63}},"13":{"start":{"line":54,"column":52},"end":{"line":54,"column":61}},"14":{"start":{"line":55,"column":4},"end":{"line":55,"column":31}},"15":{"start":{"line":57,"column":2},"end":{"line":57,"column":15}},"16":{"start":{"line":64,"column":32},"end":{"line":136,"column":1}},"17":{"start":{"line":73,"column":2},"end":{"line":75,"column":3}},"18":{"start":{"line":74,"column":4},"end":{"line":74,"column":14}},"19":{"start":{"line":77,"column":31},"end":{"line":77,"column":33}},"20":{"start":{"line":78,"column":33},"end":{"line":78,"column":35}},"21":{"start":{"line":79,"column":13},"end":{"line":79,"column":14}},"22":{"start":{"line":80,"column":15},"end":{"line":80,"column":16}},"23":{"start":{"line":82,"column":2},"end":{"line":128,"column":3}},"24":{"start":{"line":83,"column":29},"end":{"line":83,"column":45}},"25":{"start":{"line":84,"column":4},"end":{"line":84,"column":36}},"26":{"start":{"line":84,"column":27},"end":{"line":84,"column":36}},"27":{"start":{"line":87,"column":21},"end":{"line":87,"column":55}},"28":{"start":{"line":89,"column":4},"end":{"line":113,"column":5}},"29":{"start":{"line":89,"column":17},"end":{"line":89,"column":18}},"30":{"start":{"line":90,"column":17},"end":{"line":90,"column":28}},"31":{"start":{"line":91,"column":6},"end":{"line":91,"column":49}},"32":{"start":{"line":91,"column":40},"end":{"line":91,"column":49}},"33":{"start":{"line":94,"column":6},"end":{"line":97,"column":9}},"34":{"start":{"line":100,"column":6},"end":{"line":105,"column":7}},"35":{"start":{"line":101,"column":8},"end":{"line":101,"column":17}},"36":{"start":{"line":103,"column":8},"end":{"line":103,"column":19}},"37":{"start":{"line":104,"column":8},"end":{"line":104,"column":15}},"38":{"start":{"line":108,"column":6},"end":{"line":112,"column":7}},"39":{"start":{"line":109,"column":8},"end":{"line":109,"column":32}},"40":{"start":{"line":110,"column":8},"end":{"line":110,"column":25}},"41":{"start":{"line":111,"column":8},"end":{"line":111,"column":17}},"42":{"start":{"line":116,"column":4},"end":{"line":119,"column":5}},"43":{"start":{"line":117,"column":6},"end":{"line":117,"column":13}},"44":{"start":{"line":118,"column":6},"end":{"line":118,"column":17}},"45":{"start":{"line":122,"column":4},"end":{"line":127,"column":5}},"46":{"start":{"line":123,"column":6},"end":{"line":123,"column":30}},"47":{"start":{"line":124,"column":6},"end":{"line":124,"column":23}},"48":{"start":{"line":125,"column":6},"end":{"line":125,"column":15}},"49":{"start":{"line":126,"column":6},"end":{"line":126,"column":17}},"50":{"start":{"line":131,"column":2},"end":{"line":133,"column":3}},"51":{"start":{"line":132,"column":4},"end":{"line":132,"column":28}},"52":{"start":{"line":135,"column":2},"end":{"line":135,"column":15}},"53":{"start":{"line":142,"column":29},"end":{"line":203,"column":1}},"54":{"start":{"line":148,"column":90},"end":{"line":148,"column":97}},"55":{"start":{"line":150,"column":2},"end":{"line":152,"column":3}},"56":{"start":{"line":151,"column":4},"end":{"line":151,"column":33}},"57":{"start":{"line":154,"column":23},"end":{"line":154,"column":45}},"58":{"start":{"line":155,"column":41},"end":{"line":155,"column":43}},"59":{"start":{"line":158,"column":30},"end":{"line":158,"column":31}},"60":{"start":{"line":161,"column":23},"end":{"line":161,"column":71}},"61":{"start":{"line":162,"column":21},"end":{"line":162,"column":83}},"62":{"start":{"line":165,"column":2},"end":{"line":200,"column":3}},"63":{"start":{"line":165,"column":15},"end":{"line":165,"column":27}},"64":{"start":{"line":167,"column":21},"end":{"line":167,"column":77}},"65":{"start":{"line":170,"column":24},"end":{"line":170,"column":46}},"66":{"start":{"line":171,"column":4},"end":{"line":177,"column":5}},"67":{"start":{"line":172,"column":6},"end":{"line":175,"column":9}},"68":{"start":{"line":176,"column":6},"end":{"line":176,"column":15}},"69":{"start":{"line":180,"column":27},"end":{"line":180,"column":63}},"70":{"start":{"line":183,"column":18},"end":{"line":191,"column":5}},"71":{"start":{"line":194,"column":4},"end":{"line":194,"column":32}},"72":{"start":{"line":196,"column":4},"end":{"line":199,"column":7}},"73":{"start":{"line":202,"column":2},"end":{"line":202,"column":27}},"74":{"start":{"line":209,"column":30},"end":{"line":235,"column":1}},"75":{"start":{"line":216,"column":53},"end":{"line":216,"column":60}},"76":{"start":{"line":217,"column":2},"end":{"line":217,"column":20}},"77":{"start":{"line":217,"column":13},"end":{"line":217,"column":20}},"78":{"start":{"line":220,"column":19},"end":{"line":220,"column":86}},"79":{"start":{"line":222,"column":2},"end":{"line":234,"column":3}},"80":{"start":{"line":223,"column":27},"end":{"line":223,"column":74}},"81":{"start":{"line":224,"column":18},"end":{"line":232,"column":5}},"82":{"start":{"line":233,"column":4},"end":{"line":233,"column":32}},"83":{"start":{"line":240,"column":30},"end":{"line":243,"column":1}},"84":{"start":{"line":241,"column":2},"end":{"line":241,"column":20}},"85":{"start":{"line":242,"column":2},"end":{"line":242,"column":24}},"86":{"start":{"line":248,"column":28},"end":{"line":250,"column":1}},"87":{"start":{"line":249,"column":2},"end":{"line":249,"column":24}},"88":{"start":{"line":255,"column":29},"end":{"line":261,"column":1}},"89":{"start":{"line":256,"column":2},"end":{"line":260,"column":4}}},"fnMap":{"0":{"name":"getCacheKey","decl":{"start":{"line":34,"column":9},"end":{"line":34,"column":20}},"loc":{"start":{"line":34,"column":133},"end":{"line":36,"column":1}},"line":34},"1":{"name":"addToCache","decl":{"start":{"line":39,"column":9},"end":{"line":39,"column":19}},"loc":{"start":{"line":39,"column":61},"end":{"line":48,"column":1}},"line":39},"2":{"name":"getFromCache","decl":{"start":{"line":50,"column":9},"end":{"line":50,"column":21}},"loc":{"start":{"line":50,"column":62},"end":{"line":58,"column":1}},"line":50},"3":{"name":"(anonymous_3)","decl":{"start":{"line":54,"column":47},"end":{"line":54,"column":48}},"loc":{"start":{"line":54,"column":52},"end":{"line":54,"column":61}},"line":54},"4":{"name":"(anonymous_4)","decl":{"start":{"line":64,"column":32},"end":{"line":64,"column":33}},"loc":{"start":{"line":72,"column":20},"end":{"line":136,"column":1}},"line":72},"5":{"name":"(anonymous_5)","decl":{"start":{"line":142,"column":29},"end":{"line":142,"column":30}},"loc":{"start":{"line":147,"column":17},"end":{"line":203,"column":1}},"line":147},"6":{"name":"(anonymous_6)","decl":{"start":{"line":209,"column":30},"end":{"line":209,"column":31}},"loc":{"start":{"line":215,"column":11},"end":{"line":235,"column":1}},"line":215},"7":{"name":"(anonymous_7)","decl":{"start":{"line":240,"column":30},"end":{"line":240,"column":31}},"loc":{"start":{"line":240,"column":42},"end":{"line":243,"column":1}},"line":240},"8":{"name":"(anonymous_8)","decl":{"start":{"line":248,"column":28},"end":{"line":248,"column":29}},"loc":{"start":{"line":248,"column":42},"end":{"line":250,"column":1}},"line":248},"9":{"name":"(anonymous_9)","decl":{"start":{"line":255,"column":29},"end":{"line":255,"column":30}},"loc":{"start":{"line":255,"column":87},"end":{"line":261,"column":1}},"line":255}},"branchMap":{"0":{"loc":{"start":{"line":40,"column":2},"end":{"line":45,"column":3}},"type":"if","locations":[{"start":{"line":40,"column":2},"end":{"line":45,"column":3}},{"start":{},"end":{}}],"line":40},"1":{"loc":{"start":{"line":42,"column":4},"end":{"line":44,"column":5}},"type":"if","locations":[{"start":{"line":42,"column":4},"end":{"line":44,"column":5}},{"start":{},"end":{}}],"line":42},"2":{"loc":{"start":{"line":52,"column":2},"end":{"line":56,"column":3}},"type":"if","locations":[{"start":{"line":52,"column":2},"end":{"line":56,"column":3}},{"start":{},"end":{}}],"line":52},"3":{"loc":{"start":{"line":73,"column":2},"end":{"line":75,"column":3}},"type":"if","locations":[{"start":{"line":73,"column":2},"end":{"line":75,"column":3}},{"start":{},"end":{}}],"line":73},"4":{"loc":{"start":{"line":73,"column":6},"end":{"line":73,"column":37}},"type":"binary-expr","locations":[{"start":{"line":73,"column":6},"end":{"line":73,"column":11}},{"start":{"line":73,"column":15},"end":{"line":73,"column":37}}],"line":73},"5":{"loc":{"start":{"line":84,"column":4},"end":{"line":84,"column":36}},"type":"if","locations":[{"start":{"line":84,"column":4},"end":{"line":84,"column":36}},{"start":{},"end":{}}],"line":84},"6":{"loc":{"start":{"line":91,"column":6},"end":{"line":91,"column":49}},"type":"if","locations":[{"start":{"line":91,"column":6},"end":{"line":91,"column":49}},{"start":{},"end":{}}],"line":91},"7":{"loc":{"start":{"line":91,"column":10},"end":{"line":91,"column":38}},"type":"binary-expr","locations":[{"start":{"line":91,"column":10},"end":{"line":91,"column":26}},{"start":{"line":91,"column":30},"end":{"line":91,"column":38}}],"line":91},"8":{"loc":{"start":{"line":100,"column":6},"end":{"line":105,"column":7}},"type":"if","locations":[{"start":{"line":100,"column":6},"end":{"line":105,"column":7}},{"start":{"line":102,"column":13},"end":{"line":105,"column":7}}],"line":100},"9":{"loc":{"start":{"line":108,"column":6},"end":{"line":112,"column":7}},"type":"if","locations":[{"start":{"line":108,"column":6},"end":{"line":112,"column":7}},{"start":{},"end":{}}],"line":108},"10":{"loc":{"start":{"line":116,"column":4},"end":{"line":119,"column":5}},"type":"if","locations":[{"start":{"line":116,"column":4},"end":{"line":119,"column":5}},{"start":{},"end":{}}],"line":116},"11":{"loc":{"start":{"line":116,"column":8},"end":{"line":116,"column":35}},"type":"binary-expr","locations":[{"start":{"line":116,"column":8},"end":{"line":116,"column":16}},{"start":{"line":116,"column":20},"end":{"line":116,"column":35}}],"line":116},"12":{"loc":{"start":{"line":122,"column":4},"end":{"line":127,"column":5}},"type":"if","locations":[{"start":{"line":122,"column":4},"end":{"line":127,"column":5}},{"start":{},"end":{}}],"line":122},"13":{"loc":{"start":{"line":131,"column":2},"end":{"line":133,"column":3}},"type":"if","locations":[{"start":{"line":131,"column":2},"end":{"line":133,"column":3}},{"start":{},"end":{}}],"line":131},"14":{"loc":{"start":{"line":148,"column":50},"end":{"line":148,"column":66}},"type":"default-arg","locations":[{"start":{"line":148,"column":65},"end":{"line":148,"column":66}}],"line":148},"15":{"loc":{"start":{"line":148,"column":68},"end":{"line":148,"column":85}},"type":"default-arg","locations":[{"start":{"line":148,"column":84},"end":{"line":148,"column":85}}],"line":148},"16":{"loc":{"start":{"line":150,"column":2},"end":{"line":152,"column":3}},"type":"if","locations":[{"start":{"line":150,"column":2},"end":{"line":152,"column":3}},{"start":{},"end":{}}],"line":150},"17":{"loc":{"start":{"line":171,"column":4},"end":{"line":177,"column":5}},"type":"if","locations":[{"start":{"line":171,"column":4},"end":{"line":177,"column":5}},{"start":{},"end":{}}],"line":171},"18":{"loc":{"start":{"line":217,"column":2},"end":{"line":217,"column":20}},"type":"if","locations":[{"start":{"line":217,"column":2},"end":{"line":217,"column":20}},{"start":{},"end":{}}],"line":217},"19":{"loc":{"start":{"line":222,"column":2},"end":{"line":234,"column":3}},"type":"if","locations":[{"start":{"line":222,"column":2},"end":{"line":234,"column":3}},{"start":{},"end":{}}],"line":222}},"s":{"0":1,"1":1,"2":1,"3":28,"4":25,"5":0,"6":0,"7":0,"8":25,"9":25,"10":28,"11":28,"12":3,"13":5,"14":3,"15":28,"16":1,"17":34,"18":17,"19":17,"20":17,"21":17,"22":17,"23":17,"24":92,"25":92,"26":16,"27":76,"28":76,"29":76,"30":1573,"31":1573,"32":0,"33":1573,"34":1573,"35":1446,"36":127,"37":127,"38":1573,"39":13,"40":13,"41":13,"42":76,"43":34,"44":34,"45":76,"46":0,"47":0,"48":0,"49":0,"50":17,"51":14,"52":17,"53":1,"54":14,"55":14,"56":1,"57":13,"58":13,"59":13,"60":13,"61":13,"62":13,"63":13,"64":25,"65":25,"66":25,"67":2,"68":2,"69":23,"70":23,"71":23,"72":23,"73":13,"74":1,"75":4,"76":4,"77":1,"78":3,"79":3,"80":2,"81":2,"82":2,"83":1,"84":62,"85":62,"86":1,"87":13,"88":1,"89":3},"f":{"0":28,"1":25,"2":28,"3":5,"4":34,"5":14,"6":4,"7":62,"8":13,"9":3},"b":{"0":[0,25],"1":[0,0],"2":[3,25],"3":[17,17],"4":[34,33],"5":[16,76],"6":[0,1573],"7":[1573,1573],"8":[1446,127],"9":[13,1560],"10":[34,42],"11":[76,34],"12":[0,76],"13":[14,3],"14":[9],"15":[9],"16":[1,13],"17":[2,23],"18":[1,3],"19":[2,1]},"_coverageSchema":"1a1c01bbd47fc00a2c39e90264f33305004495a9","hash":"cbf4b01a741cd8f3e240ddef30157ab3df306e56"}
}
