TN:
SF:models/Book.ts
FN:10,(anonymous_0)
FN:14,(anonymous_1)
FN:18,(anonymous_2)
FN:44,(anonymous_3)
FN:61,(anonymous_4)
FN:70,(anonymous_5)
FNF:6
FNH:6
FNDA:3,(anonymous_0)
FNDA:42,(anonymous_1)
FNDA:67,(anonymous_2)
FNDA:62,(anonymous_3)
FNDA:10,(anonymous_4)
FNDA:6,(anonymous_5)
DA:6,67
DA:7,67
DA:8,67
DA:11,3
DA:15,42
DA:20,67
DA:22,67
DA:23,67
DA:25,67
DA:27,13
DA:30,54
DA:31,113
DA:32,113
DA:33,113
DA:34,113
DA:35,113
DA:37,113
DA:38,113
DA:45,62
DA:46,3
DA:49,59
DA:50,59
DA:53,55
DA:54,55
DA:56,55
DA:57,55
DA:62,10
DA:63,24
DA:64,18
DA:71,6
LF:30
LH:30
BRDA:25,0,0,13
BRDA:25,0,1,54
BRDA:32,1,0,0
BRDA:32,1,1,113
BRDA:35,2,0,0
BRDA:35,2,1,113
BRDA:45,3,0,3
BRDA:45,3,1,59
BRDA:50,4,0,4
BRDA:50,4,1,55
BRDA:62,5,0,34
BRDA:62,5,1,25
BRDA:63,6,0,18
BRDA:63,6,1,6
BRF:14
BRH:12
end_of_record
TN:
SF:models/BookChapter.ts
FN:7,(anonymous_0)
FN:14,(anonymous_1)
FN:15,(anonymous_2)
FN:16,(anonymous_3)
FN:18,(anonymous_4)
FN:27,(anonymous_5)
FNF:6
FNH:6
FNDA:142,(anonymous_0)
FNDA:2,(anonymous_1)
FNDA:56,(anonymous_2)
FNDA:56,(anonymous_3)
FNDA:7,(anonymous_4)
FNDA:6,(anonymous_5)
DA:8,142
DA:9,142
DA:10,142
DA:11,142
DA:14,2
DA:15,56
DA:16,56
DA:18,142
DA:19,7
DA:20,7
DA:21,7
DA:22,6
DA:24,1
DA:27,142
DA:28,6
LF:15
LH:15
BRDA:7,0,0,14
BRDA:7,1,0,14
BRDA:21,2,0,6
BRDA:21,2,1,1
BRDA:21,3,0,7
BRDA:21,3,1,2
BRF:6
BRH:6
end_of_record
TN:
SF:models/Cursor.ts
FN:4,(anonymous_0)
FN:8,(anonymous_1)
FN:11,(anonymous_2)
FN:14,(anonymous_3)
FN:17,(anonymous_4)
FN:21,(anonymous_5)
FN:25,(anonymous_6)
FN:29,(anonymous_7)
FNF:8
FNH:0
FNDA:0,(anonymous_0)
FNDA:0,(anonymous_1)
FNDA:0,(anonymous_2)
FNDA:0,(anonymous_3)
FNDA:0,(anonymous_4)
FNDA:0,(anonymous_5)
FNDA:0,(anonymous_6)
FNDA:0,(anonymous_7)
DA:5,0
DA:6,0
DA:9,0
DA:12,0
DA:15,0
DA:18,0
DA:19,0
DA:22,0
DA:23,0
DA:26,0
DA:27,0
DA:30,0
DA:31,0
LF:13
LH:0
BRF:0
BRH:0
end_of_record
TN:
SF:stores/BookStore.ts
FN:10,(anonymous_0)
FN:12,(anonymous_1)
FN:13,(anonymous_2)
FN:17,(anonymous_3)
FN:18,(anonymous_4)
FN:22,(anonymous_5)
FN:23,(anonymous_6)
FN:24,(anonymous_7)
FNF:8
FNH:8
FNDA:1,(anonymous_0)
FNDA:75,(anonymous_1)
FNDA:75,(anonymous_2)
FNDA:43,(anonymous_3)
FNDA:43,(anonymous_4)
FNDA:44,(anonymous_5)
FNDA:44,(anonymous_6)
FNDA:1111,(anonymous_7)
DA:10,1
DA:13,75
DA:18,43
DA:23,44
DA:24,1111
LF:5
LH:5
BRF:0
BRH:0
end_of_record
TN:
SF:stores/GlobConfigStore.ts
FN:15,(anonymous_0)
FN:22,(anonymous_1)
FN:23,(anonymous_2)
FN:29,(anonymous_3)
FN:30,(anonymous_4)
FN:36,(anonymous_5)
FN:37,(anonymous_6)
FN:43,(anonymous_7)
FN:44,(anonymous_8)
FNF:9
FNH:0
FNDA:0,(anonymous_0)
FNDA:0,(anonymous_1)
FNDA:0,(anonymous_2)
FNDA:0,(anonymous_3)
FNDA:0,(anonymous_4)
FNDA:0,(anonymous_5)
FNDA:0,(anonymous_6)
FNDA:0,(anonymous_7)
FNDA:0,(anonymous_8)
DA:15,0
DA:23,0
DA:30,0
DA:37,0
DA:44,0
LF:5
LH:0
BRF:0
BRH:0
end_of_record
TN:
SF:utils/calculateBook.ts
FN:34,getCacheKey
FN:39,addToCache
FN:50,getFromCache
FN:54,(anonymous_3)
FN:64,(anonymous_4)
FN:142,(anonymous_5)
FN:209,(anonymous_6)
FN:240,(anonymous_7)
FN:248,(anonymous_8)
FN:255,(anonymous_9)
FNF:10
FNH:10
FNDA:28,getCacheKey
FNDA:25,addToCache
FNDA:28,getFromCache
FNDA:5,(anonymous_3)
FNDA:34,(anonymous_4)
FNDA:14,(anonymous_5)
FNDA:4,(anonymous_6)
FNDA:62,(anonymous_7)
FNDA:13,(anonymous_8)
FNDA:3,(anonymous_9)
DA:29,1
DA:30,1
DA:31,1
DA:35,28
DA:40,25
DA:41,0
DA:42,0
DA:43,0
DA:46,25
DA:47,25
DA:51,28
DA:52,28
DA:54,5
DA:55,3
DA:57,28
DA:64,1
DA:73,34
DA:74,17
DA:77,17
DA:78,17
DA:79,17
DA:80,17
DA:82,17
DA:83,92
DA:84,92
DA:87,76
DA:89,76
DA:90,1573
DA:91,1573
DA:94,1573
DA:100,1573
DA:101,1446
DA:103,127
DA:104,127
DA:108,1573
DA:109,13
DA:110,13
DA:111,13
DA:116,76
DA:117,34
DA:118,34
DA:122,76
DA:123,0
DA:124,0
DA:125,0
DA:126,0
DA:131,17
DA:132,14
DA:135,17
DA:142,1
DA:148,14
DA:150,14
DA:151,1
DA:154,13
DA:155,13
DA:158,13
DA:161,13
DA:162,13
DA:165,13
DA:167,25
DA:170,25
DA:171,25
DA:172,2
DA:176,2
DA:180,23
DA:183,23
DA:194,23
DA:196,23
DA:202,13
DA:209,1
DA:216,4
DA:217,4
DA:220,3
DA:222,3
DA:223,2
DA:224,2
DA:233,2
DA:240,1
DA:241,62
DA:242,62
DA:248,1
DA:249,13
DA:255,1
DA:256,3
LF:84
LH:77
BRDA:40,0,0,0
BRDA:40,0,1,25
BRDA:42,1,0,0
BRDA:42,1,1,0
BRDA:52,2,0,3
BRDA:52,2,1,25
BRDA:73,3,0,17
BRDA:73,3,1,17
BRDA:73,4,0,34
BRDA:73,4,1,33
BRDA:84,5,0,16
BRDA:84,5,1,76
BRDA:91,6,0,0
BRDA:91,6,1,1573
BRDA:91,7,0,1573
BRDA:91,7,1,1573
BRDA:100,8,0,1446
BRDA:100,8,1,127
BRDA:108,9,0,13
BRDA:108,9,1,1560
BRDA:116,10,0,34
BRDA:116,10,1,42
BRDA:116,11,0,76
BRDA:116,11,1,34
BRDA:122,12,0,0
BRDA:122,12,1,76
BRDA:131,13,0,14
BRDA:131,13,1,3
BRDA:148,14,0,9
BRDA:148,15,0,9
BRDA:150,16,0,1
BRDA:150,16,1,13
BRDA:171,17,0,2
BRDA:171,17,1,23
BRDA:217,18,0,1
BRDA:217,18,1,3
BRDA:222,19,0,2
BRDA:222,19,1,1
BRF:38
BRH:33
end_of_record
